<?xml version="1.0" encoding="UTF-8"?>
<!-- Generated by org.testng.reporters.JUnitReportReporter -->
<testsuite hostname="DESKTOP-7OK20NU" failures="0" tests="9" name="Home.BookingMainClass" time="51.308" errors="0" timestamp="2024-08-30T07:17:36 EET" skipped="5">
  <testcase classname="Home.BookingMainClass" name="CheckInCheckOut" time="2.374"/>
  <system-out/>
  <testcase classname="Home.BookingMainClass" name="SearchforHotels" time="25.325"/>
  <system-out/>
  <testcase classname="Home.BookingMainClass" name="SelectRooms" time="20.611"/>
  <system-out/>
  <testcase classname="Home.BookingMainClass" name="Search" time="2.998"/>
  <system-out/>
  <testcase classname="Home.BookingMainClass" name="ChangeLanguage">
    <skipped/>
  </testcase> <!-- ChangeLanguage -->
  <system-out/>
  <testcase classname="Home.BookingMainClass" name="VerifyCustomerSupportlinkinHeader">
    <skipped/>
  </testcase> <!-- VerifyCustomerSupportlinkinHeader -->
  <system-out/>
  <testcase classname="Home.BookingMainClass" name="VerifyDefaultLanguage">
    <skipped/>
  </testcase> <!-- VerifyDefaultLanguage -->
  <system-out/>
  <testcase classname="Home.BookingMainClass" name="VerifyDefaultCurrency">
    <skipped/>
  </testcase> <!-- VerifyDefaultCurrency -->
  <system-out/>
  <testcase classname="Home.BookingMainClass" name="FlightsTabIsNotSelected">
    <skipped/>
  </testcase> <!-- FlightsTabIsNotSelected -->
  <system-out/>
</testsuite> <!-- Home.BookingMainClass -->
