<?xml version="1.0" encoding="UTF-8"?>
<!-- Generated by org.testng.reporters.JUnitReportReporter -->
<testsuite hostname="DESKTOP-7OK20NU" failures="0" tests="14" name="Home.BookingMainClass" time="187.356" errors="0" timestamp="2024-09-08T22:40:53 EET" skipped="5">
  <testcase classname="Home.BookingMainClass" name="CheckInCheckOut" time="2.000"/>
  <system-out/>
  <testcase classname="Home.BookingMainClass" name="SearchforHotels" time="30.297"/>
  <system-out/>
  <testcase classname="Home.BookingMainClass" name="SelectRooms" time="20.586"/>
  <system-out/>
  <testcase classname="Home.BookingMainClass" name="Search" time="31.784"/>
  <system-out/>
  <testcase classname="Home.BookingMainClass" name="filter" time="20.834"/>
  <system-out/>
  <testcase classname="Home.BookingMainClass" name="filter2" time="20.521"/>
  <system-out/>
  <testcase classname="Home.BookingMainClass" name="filter3" time="20.284"/>
  <system-out/>
  <testcase classname="Home.BookingMainClass" name="filter4" time="20.632"/>
  <system-out/>
  <testcase classname="Home.BookingMainClass" name="Sort" time="20.418"/>
  <system-out/>
  <testcase classname="Home.BookingMainClass" name="ChangeLanguage">
    <skipped/>
  </testcase> <!-- ChangeLanguage -->
  <system-out/>
  <testcase classname="Home.BookingMainClass" name="VerifyCustomerSupportlinkinHeader">
    <skipped/>
  </testcase> <!-- VerifyCustomerSupportlinkinHeader -->
  <system-out/>
  <testcase classname="Home.BookingMainClass" name="VerifyDefaultLanguage">
    <skipped/>
  </testcase> <!-- VerifyDefaultLanguage -->
  <system-out/>
  <testcase classname="Home.BookingMainClass" name="VerifyDefaultCurrency">
    <skipped/>
  </testcase> <!-- VerifyDefaultCurrency -->
  <system-out/>
  <testcase classname="Home.BookingMainClass" name="FlightsTabIsNotSelected">
    <skipped/>
  </testcase> <!-- FlightsTabIsNotSelected -->
  <system-out/>
</testsuite> <!-- Home.BookingMainClass -->
