<?xml version="1.0" encoding="UTF-8"?>
<!-- Generated by org.testng.reporters.JUnitReportReporter -->
<testsuite hostname="DESKTOP-7OK20NU" failures="0" tests="7" name="Home.BookingMainClass" time="57.098" errors="0" timestamp="2024-08-28T05:33:34 EET" skipped="5">
  <testcase classname="Home.BookingMainClass" name="SearchforHotels" time="25.355"/>
  <system-out/>
  <testcase classname="Home.BookingMainClass" name="CheckInAndCheckOut" time="31.743"/>
  <system-out/>
  <testcase classname="Home.BookingMainClass" name="ChangeLanguage">
    <skipped/>
  </testcase> <!-- ChangeLanguage -->
  <system-out/>
  <testcase classname="Home.BookingMainClass" name="VerifyCustomerSupportlinkinHeader">
    <skipped/>
  </testcase> <!-- VerifyCustomerSupportlinkinHeader -->
  <system-out/>
  <testcase classname="Home.BookingMainClass" name="VerifyDefaultLanguage">
    <skipped/>
  </testcase> <!-- VerifyDefaultLanguage -->
  <system-out/>
  <testcase classname="Home.BookingMainClass" name="VerifyDefaultCurrency">
    <skipped/>
  </testcase> <!-- VerifyDefaultCurrency -->
  <system-out/>
  <testcase classname="Home.BookingMainClass" name="FlightsTabIsNotSelected">
    <skipped/>
  </testcase> <!-- FlightsTabIsNotSelected -->
  <system-out/>
</testsuite> <!-- Home.BookingMainClass -->
