<?xml version="1.0" encoding="UTF-8"?>
<!-- Generated by org.testng.reporters.JUnitReportReporter -->
<testsuite hostname="DESKTOP-7OK20NU" failures="0" tests="4" name="Home.BookingMainClass" time="0.203" errors="0" timestamp="2024-08-26T22:36:49 EET" skipped="0">
  <testcase classname="Home.BookingMainClass" name="VerifyDefaultLanguage" time="0.034"/>
  <system-out/>
  <testcase classname="Home.BookingMainClass" name="VerifyDefaultCurrency" time="0.042"/>
  <system-out/>
  <testcase classname="Home.BookingMainClass" name="VerifyCustomerSupportlinkintheFooter" time="0.055"/>
  <system-out/>
  <testcase classname="Home.BookingMainClass" name="FlightsTabIsNotSelected" time="0.072"/>
  <system-out/>
</testsuite> <!-- Home.BookingMainClass -->
