<?xml version="1.0" encoding="UTF-8"?>
<!-- Generated by org.testng.reporters.JUnitReportReporter -->
<testsuite hostname="DESKTOP-7OK20NU" failures="0" tests="9" name="Home.BookingMainClass" time="85.401" errors="0" timestamp="2024-09-08T01:33:54 EET" skipped="5">
  <testcase classname="Home.BookingMainClass" name="CheckInCheckOut" time="21.637"/>
  <system-out/>
  <testcase classname="Home.BookingMainClass" name="SearchforHotels" time="30.312"/>
  <system-out/>
  <testcase classname="Home.BookingMainClass" name="SelectRooms" time="20.621"/>
  <system-out/>
  <testcase classname="Home.BookingMainClass" name="Search" time="12.831"/>
  <system-out/>
  <testcase classname="Home.BookingMainClass" name="ChangeLanguage">
    <skipped/>
  </testcase> <!-- ChangeLanguage -->
  <system-out/>
  <testcase classname="Home.BookingMainClass" name="VerifyCustomerSupportlinkinHeader">
    <skipped/>
  </testcase> <!-- VerifyCustomerSupportlinkinHeader -->
  <system-out/>
  <testcase classname="Home.BookingMainClass" name="VerifyDefaultLanguage">
    <skipped/>
  </testcase> <!-- VerifyDefaultLanguage -->
  <system-out/>
  <testcase classname="Home.BookingMainClass" name="VerifyDefaultCurrency">
    <skipped/>
  </testcase> <!-- VerifyDefaultCurrency -->
  <system-out/>
  <testcase classname="Home.BookingMainClass" name="FlightsTabIsNotSelected">
    <skipped/>
  </testcase> <!-- FlightsTabIsNotSelected -->
  <system-out/>
</testsuite> <!-- Home.BookingMainClass -->
