<?xml version="1.0" encoding="UTF-8"?>
<!-- Generated by org.testng.reporters.JUnitReportReporter -->
<testsuite hostname="DESKTOP-7OK20NU" failures="0" tests="13" name="Home.BookingMainClass" time="179.695" errors="0" timestamp="2024-09-08T21:59:41 EET" skipped="5">
  <testcase classname="Home.BookingMainClass" name="CheckInCheckOut" time="21.603"/>
  <system-out/>
  <testcase classname="Home.BookingMainClass" name="SearchforHotels" time="30.351"/>
  <system-out/>
  <testcase classname="Home.BookingMainClass" name="SelectRooms" time="20.576"/>
  <system-out/>
  <testcase classname="Home.BookingMainClass" name="Search" time="25.240"/>
  <system-out/>
  <testcase classname="Home.BookingMainClass" name="filter" time="20.751"/>
  <system-out/>
  <testcase classname="Home.BookingMainClass" name="filter2" time="20.275"/>
  <system-out/>
  <testcase classname="Home.BookingMainClass" name="filter3" time="20.290"/>
  <system-out/>
  <testcase classname="Home.BookingMainClass" name="filter4" time="20.609"/>
  <system-out/>
  <testcase classname="Home.BookingMainClass" name="ChangeLanguage">
    <skipped/>
  </testcase> <!-- ChangeLanguage -->
  <system-out/>
  <testcase classname="Home.BookingMainClass" name="VerifyCustomerSupportlinkinHeader">
    <skipped/>
  </testcase> <!-- VerifyCustomerSupportlinkinHeader -->
  <system-out/>
  <testcase classname="Home.BookingMainClass" name="VerifyDefaultLanguage">
    <skipped/>
  </testcase> <!-- VerifyDefaultLanguage -->
  <system-out/>
  <testcase classname="Home.BookingMainClass" name="VerifyDefaultCurrency">
    <skipped/>
  </testcase> <!-- VerifyDefaultCurrency -->
  <system-out/>
  <testcase classname="Home.BookingMainClass" name="FlightsTabIsNotSelected">
    <skipped/>
  </testcase> <!-- FlightsTabIsNotSelected -->
  <system-out/>
</testsuite> <!-- Home.BookingMainClass -->
