<?xml version="1.0" encoding="UTF-8"?>
<!-- Generated by org.testng.reporters.JUnitReportReporter -->
<testsuite hostname="DESKTOP-7OK20NU" failures="0" tests="14" name="Home.BookingMainClass" time="263.102" errors="0" timestamp="2024-09-09T22:32:36 EET" skipped="1">
  <testcase classname="Home.BookingMainClass" name="VerifyDefaultLanguage" time="20.128"/>
  <system-out/>
  <testcase classname="Home.BookingMainClass" name="VerifyDefaultCurrency" time="20.066"/>
  <system-out/>
  <testcase classname="Home.BookingMainClass" name="FlightsTabIsNotSelected" time="20.124"/>
  <system-out/>
  <testcase classname="Home.BookingMainClass" name="VerifyCustomerSupportlinkinHeader" time="20.079"/>
  <system-out/>
  <testcase classname="Home.BookingMainClass" name="CheckInCheckOut" time="21.786"/>
  <system-out/>
  <testcase classname="Home.BookingMainClass" name="SearchforHotels" time="30.319"/>
  <system-out/>
  <testcase classname="Home.BookingMainClass" name="SelectRooms" time="20.646"/>
  <system-out/>
  <testcase classname="Home.BookingMainClass" name="Search" time="6.949"/>
  <system-out/>
  <testcase classname="Home.BookingMainClass" name="filter" time="20.929"/>
  <system-out/>
  <testcase classname="Home.BookingMainClass" name="filter2" time="20.482"/>
  <system-out/>
  <testcase classname="Home.BookingMainClass" name="filter3" time="20.360"/>
  <system-out/>
  <testcase classname="Home.BookingMainClass" name="filter4" time="20.706"/>
  <system-out/>
  <testcase classname="Home.BookingMainClass" name="Sort" time="20.528"/>
  <system-out/>
  <testcase classname="Home.BookingMainClass" name="ChangeLanguage">
    <skipped/>
  </testcase> <!-- ChangeLanguage -->
  <system-out/>
</testsuite> <!-- Home.BookingMainClass -->
